Using pre-set license
Built from '2021.3/evg/staging/82bb020e-b03b1330/draft-0' branch; Version is '2021.3.16f1 (4016570cf34f) revision 4200023'; Using compiler version '192829333'; Build Type 'Release'
OS: 'Windows 10  (10.0.19045) 64bit Core' Language: 'en' Physical Memory: 31675 MB
BatchMode: 1, IsHumanControllingUs: 0, StartBugReporterOnCrash: 0, Is64bit: 1, IsPro: 1

COMMAND LINE ARGUMENTS:
C:\Program Files\Unity\Hub\Editor\2021.3.16f1\Editor\Unity.exe
-adb2
-batchMode
-noUpm
-name
AssetImportWorker0
-projectPath
C:/Users/commi/OneDrive/Documents/Unity Projects/BRG_CreatorChallenge
-logFile
Logs/AssetImportWorker0.log
-srvPort
64463
Successfully changed project path to: C:/Users/commi/OneDrive/Documents/Unity Projects/BRG_CreatorChallenge
C:/Users/commi/OneDrive/Documents/Unity Projects/BRG_CreatorChallenge
[UnityMemory] Configuration Parameters - Can be set up in boot.config
    "memorysetup-bucket-allocator-granularity=16"
    "memorysetup-bucket-allocator-bucket-count=8"
    "memorysetup-bucket-allocator-block-size=33554432"
    "memorysetup-bucket-allocator-block-count=8"
    "memorysetup-main-allocator-block-size=16777216"
    "memorysetup-thread-allocator-block-size=16777216"
    "memorysetup-gfx-main-allocator-block-size=16777216"
    "memorysetup-gfx-thread-allocator-block-size=16777216"
    "memorysetup-cache-allocator-block-size=4194304"
    "memorysetup-typetree-allocator-block-size=2097152"
    "memorysetup-profiler-bucket-allocator-granularity=16"
    "memorysetup-profiler-bucket-allocator-bucket-count=8"
    "memorysetup-profiler-bucket-allocator-block-size=33554432"
    "memorysetup-profiler-bucket-allocator-block-count=8"
    "memorysetup-profiler-allocator-block-size=16777216"
    "memorysetup-profiler-editor-allocator-block-size=1048576"
    "memorysetup-temp-allocator-size-main=16777216"
    "memorysetup-job-temp-allocator-block-size=2097152"
    "memorysetup-job-temp-allocator-block-size-background=1048576"
    "memorysetup-job-temp-allocator-reduction-small-platforms=262144"
    "memorysetup-temp-allocator-size-background-worker=32768"
    "memorysetup-temp-allocator-size-job-worker=262144"
    "memorysetup-temp-allocator-size-preload-manager=33554432"
    "memorysetup-temp-allocator-size-nav-mesh-worker=65536"
    "memorysetup-temp-allocator-size-audio-worker=65536"
    "memorysetup-temp-allocator-size-cloud-worker=32768"
    "memorysetup-temp-allocator-size-gi-baking-worker=262144"
    "memorysetup-temp-allocator-size-gfx=262144"
Player connection [12260] Host "[IP] 192.168.1.172 [Port] 0 [Flags] 2 [Guid] 3708956095 [EditorId] 3708956095 [Version] 1048832 [Id] WindowsEditor(7,DESKTOP-GMPKUH2) [Debug] 1 [PackageName] WindowsEditor [ProjectName] Editor" joined multi-casting on [225.0.0.222:54997]...

Player connection [12260] Host "[IP] 192.168.1.172 [Port] 0 [Flags] 2 [Guid] 3708956095 [EditorId] 3708956095 [Version] 1048832 [Id] WindowsEditor(7,DESKTOP-GMPKUH2) [Debug] 1 [PackageName] WindowsEditor [ProjectName] Editor" joined alternative multi-casting on [225.0.0.222:34997]...

Refreshing native plugins compatible for Editor in 131.59 ms, found 3 plugins.
Preloading 0 native plugins for Editor in 0.00 ms.
Initialize engine version: 2021.3.16f1 (4016570cf34f)
[Subsystems] Discovering subsystems at path C:/Program Files/Unity/Hub/Editor/2021.3.16f1/Editor/Data/Resources/UnitySubsystems
[Subsystems] Discovering subsystems at path C:/Users/commi/OneDrive/Documents/Unity Projects/BRG_CreatorChallenge/Assets
GfxDevice: creating device client; threaded=0; jobified=0
Direct3D:
    Version:  Direct3D 11.0 [level 11.1]
    Renderer: NVIDIA GeForce GTX 1050 Ti (ID=0x1c82)
    Vendor:   NVIDIA
    VRAM:     4017 MB
    Driver:   31.0.15.3179
Initialize mono
Mono path[0] = 'C:/Program Files/Unity/Hub/Editor/2021.3.16f1/Editor/Data/Managed'
Mono path[1] = 'C:/Program Files/Unity/Hub/Editor/2021.3.16f1/Editor/Data/MonoBleedingEdge/lib/mono/unityjit-win32'
Mono config path = 'C:/Program Files/Unity/Hub/Editor/2021.3.16f1/Editor/Data/MonoBleedingEdge/etc'
Using monoOptions --debugger-agent=transport=dt_socket,embedding=1,server=y,suspend=n,address=127.0.0.1:56948
Begin MonoManager ReloadAssembly
Registering precompiled unity dll's ...
Register platform support module: C:/Program Files/Unity/Hub/Editor/2021.3.16f1/Editor/Data/PlaybackEngines/WebGLSupport/UnityEditor.WebGL.Extensions.dll
Register platform support module: C:/Program Files/Unity/Hub/Editor/2021.3.16f1/Editor/Data/PlaybackEngines/WindowsStandaloneSupport/UnityEditor.WindowsStandalone.Extensions.dll
Register platform support module: C:/Program Files/Unity/Hub/Editor/2021.3.16f1/Editor/Data/PlaybackEngines/LinuxStandaloneSupport/UnityEditor.LinuxStandalone.Extensions.dll
Register platform support module: C:/Program Files/Unity/Hub/Editor/2021.3.16f1/Editor/Data/PlaybackEngines/MetroSupport/UnityEditor.UWP.Extensions.dll
Registered in 0.019474 seconds.
Native extension for UWP target not found
Native extension for LinuxStandalone target not found
Native extension for WindowsStandalone target not found
Native extension for WebGL target not found
Refreshing native plugins compatible for Editor in 133.28 ms, found 3 plugins.
Preloading 0 native plugins for Editor in 0.00 ms.
Mono: successfully reloaded assembly
- Completed reload, in  1.316 seconds
Domain Reload Profiling:
	ReloadAssembly (1317ms)
		BeginReloadAssembly (170ms)
			ExecutionOrderSort (0ms)
			DisableScriptedObjects (0ms)
			BackupInstance (0ms)
			ReleaseScriptingObjects (0ms)
			CreateAndSetChildDomain (1ms)
		EndReloadAssembly (938ms)
			LoadAssemblies (165ms)
			RebuildTransferFunctionScriptingTraits (0ms)
			SetupTypeCache (175ms)
			ReleaseScriptCaches (0ms)
			RebuildScriptCaches (54ms)
			SetupLoadedEditorAssemblies (614ms)
				LogAssemblyErrors (0ms)
				InitializePlatformSupportModulesInManaged (34ms)
				SetLoadedEditorAssemblies (0ms)
				RefreshPlugins (133ms)
				BeforeProcessingInitializeOnLoad (2ms)
				ProcessInitializeOnLoadAttributes (338ms)
				ProcessInitializeOnLoadMethodAttributes (108ms)
				AfterProcessingInitializeOnLoad (0ms)
				EditorAssembliesLoaded (0ms)
			ExecutionOrderSort2 (0ms)
			AwakeInstancesAfterBackupRestoration (0ms)
Platform modules already initialized, skipping
Registering precompiled user dll's ...
Registered in 0.012382 seconds.
Begin MonoManager ReloadAssembly
Symbol file LoadedFromMemory doesn't match image C:\Users\commi\OneDrive\Documents\Unity Projects\BRG_CreatorChallenge\Library\PackageCache\com.unity.visualscripting@1.7.8\Editor\VisualScripting.Core\Dependencies\YamlDotNet\Unity.VisualScripting.YamlDotNet.dll
Symbol file LoadedFromMemory doesn't match image C:\Users\commi\OneDrive\Documents\Unity Projects\BRG_CreatorChallenge\Library\PackageCache\com.unity.visualscripting@1.7.8\Editor\VisualScripting.Core\Dependencies\DotNetZip\Unity.VisualScripting.IonicZip.dll
Native extension for UWP target not found
Native extension for LinuxStandalone target not found
Native extension for WindowsStandalone target not found
Native extension for WebGL target not found
Refreshing native plugins compatible for Editor in 1.16 ms, found 3 plugins.
Preloading 0 native plugins for Editor in 0.00 ms.
Mono: successfully reloaded assembly
- Completed reload, in  2.132 seconds
Domain Reload Profiling:
	ReloadAssembly (2133ms)
		BeginReloadAssembly (240ms)
			ExecutionOrderSort (0ms)
			DisableScriptedObjects (10ms)
			BackupInstance (0ms)
			ReleaseScriptingObjects (0ms)
			CreateAndSetChildDomain (29ms)
		EndReloadAssembly (1605ms)
			LoadAssemblies (217ms)
			RebuildTransferFunctionScriptingTraits (0ms)
			SetupTypeCache (495ms)
			ReleaseScriptCaches (1ms)
			RebuildScriptCaches (105ms)
			SetupLoadedEditorAssemblies (757ms)
				LogAssemblyErrors (0ms)
				InitializePlatformSupportModulesInManaged (23ms)
				SetLoadedEditorAssemblies (1ms)
				RefreshPlugins (1ms)
				BeforeProcessingInitializeOnLoad (199ms)
				ProcessInitializeOnLoadAttributes (455ms)
				ProcessInitializeOnLoadMethodAttributes (62ms)
				AfterProcessingInitializeOnLoad (16ms)
				EditorAssembliesLoaded (0ms)
			ExecutionOrderSort2 (0ms)
			AwakeInstancesAfterBackupRestoration (13ms)
Platform modules already initialized, skipping
========================================================================
Worker process is ready to serve import requests
Launched and connected shader compiler UnityShaderCompiler.exe after 0.10 seconds
Refreshing native plugins compatible for Editor in 0.70 ms, found 3 plugins.
Preloading 0 native plugins for Editor in 0.00 ms.
Unloading 3361 Unused Serialized files (Serialized files now loaded: 0)
Unloading 27 unused Assets / (113.4 KB). Loaded Objects now: 3818.
Memory consumption went from 115.6 MB to 115.5 MB.
Total: 9.358600 ms (FindLiveObjects: 0.329500 ms CreateObjectMapping: 0.089600 ms MarkObjects: 8.786000 ms  DeleteObjects: 0.152100 ms)

AssetImportParameters requested are different than current active one (requested -> active):
  custom:video-decoder-ogg-theora: a1e56fd34408186e4bbccfd4996cb3dc -> 
  custom:container-muxer-webm: aa71ff27fc2769a1b78a27578f13a17b -> 
  custom:container-demuxer-webm: 4f35f7cbe854078d1ac9338744f61a02 -> 
  custom:video-encoder-webm-vp8: eb34c28f22e8b96e1ab97ce403110664 -> 
  custom:audio-encoder-webm-vorbis: bf7c407c2cedff20999df2af8eb42d56 -> 
  custom:framework-win-MediaFoundation: 216162199b28c13a410421893ffa2e32 -> 
  custom:container-demuxer-ogg: 62fdf1f143b41e24485cea50d1cbac27 -> 
  custom:video-decoder-webm-vp8: 9c59270c3fd7afecdb556c50c9e8de78 -> 
  custom:audio-decoder-ogg-vorbis: bf7c407c2cedff20999df2af8eb42d56 -> 
========================================================================
Received Import Request.
  Time since last request: 83625.570001 seconds.
  path: Assets/boat_014.fbx
  artifactKey: Guid(1f29bd50b6d692f4fb8d0749b0c9806b) Importer(815301076,1909f56bfc062723c751e8b465ee728b)
Start importing Assets/boat_014.fbx using Guid(1f29bd50b6d692f4fb8d0749b0c9806b) Importer(815301076,1909f56bfc062723c751e8b465ee728b)  -> (artifact id: 'ee10239c260a9802dd5a59146f556344') in 1.617480 seconds 
========================================================================
Received Import Request.
  Time since last request: 0.000031 seconds.
  path: Assets/buoy.fbx
  artifactKey: Guid(ff29bae089f7c6941a3d18e225f1b623) Importer(815301076,1909f56bfc062723c751e8b465ee728b)
Start importing Assets/buoy.fbx using Guid(ff29bae089f7c6941a3d18e225f1b623) Importer(815301076,1909f56bfc062723c751e8b465ee728b)  -> (artifact id: '587e02674e43aa2cef6f4183858e1a17') in 0.056383 seconds 
========================================================================
Received Import Request.
  Time since last request: 0.000057 seconds.
  path: Assets/boat_006.fbx
  artifactKey: Guid(6b70cdcef52b8dc4f85ad9c13b67698f) Importer(815301076,1909f56bfc062723c751e8b465ee728b)
Start importing Assets/boat_006.fbx using Guid(6b70cdcef52b8dc4f85ad9c13b67698f) Importer(815301076,1909f56bfc062723c751e8b465ee728b)  -> (artifact id: '469037efc6bf801b66b84b7cb25f0ada') in 0.319991 seconds 
========================================================================
Received Import Request.
  Time since last request: 0.000035 seconds.
  path: Assets/boat_004.fbx
  artifactKey: Guid(ff99d79c6e3350f4f817587559905fb4) Importer(815301076,1909f56bfc062723c751e8b465ee728b)
Start importing Assets/boat_004.fbx using Guid(ff99d79c6e3350f4f817587559905fb4) Importer(815301076,1909f56bfc062723c751e8b465ee728b)  -> (artifact id: 'a26ef879d60922bccd83cb215725a4fb') in 0.067843 seconds 
========================================================================
Received Import Request.
  Time since last request: 0.000043 seconds.
  path: Assets/boat_009.fbx
  artifactKey: Guid(95e7f39543adac7469746d7f6d2695b2) Importer(815301076,1909f56bfc062723c751e8b465ee728b)
Start importing Assets/boat_009.fbx using Guid(95e7f39543adac7469746d7f6d2695b2) Importer(815301076,1909f56bfc062723c751e8b465ee728b)  -> (artifact id: 'fd6061d5f5b8b1fd9c3c544cfea7f4bb') in 0.075483 seconds 
========================================================================
Received Import Request.
  Time since last request: 0.000029 seconds.
  path: Assets/boat_018.fbx
  artifactKey: Guid(fecfccd4f9c50b64da7439cededa61de) Importer(815301076,1909f56bfc062723c751e8b465ee728b)
Start importing Assets/boat_018.fbx using Guid(fecfccd4f9c50b64da7439cededa61de) Importer(815301076,1909f56bfc062723c751e8b465ee728b)  -> (artifact id: 'bec42f84941b63b6ebae59b80ecaec7f') in 0.085599 seconds 
========================================================================
Received Import Request.
  Time since last request: 0.000040 seconds.
  path: Assets/boat_027.fbx
  artifactKey: Guid(2bb486031ecf86c45a0f5aa6fcef707e) Importer(815301076,1909f56bfc062723c751e8b465ee728b)
Start importing Assets/boat_027.fbx using Guid(2bb486031ecf86c45a0f5aa6fcef707e) Importer(815301076,1909f56bfc062723c751e8b465ee728b)  -> (artifact id: 'eb92d0e1a754817a12e9fb8d75468011') in 0.081029 seconds 
========================================================================
Received Import Request.
  Time since last request: 0.000034 seconds.
  path: Assets/boat_017.fbx
  artifactKey: Guid(671bc6c49bd681142b2dc1d69ea317aa) Importer(815301076,1909f56bfc062723c751e8b465ee728b)
Start importing Assets/boat_017.fbx using Guid(671bc6c49bd681142b2dc1d69ea317aa) Importer(815301076,1909f56bfc062723c751e8b465ee728b)  -> (artifact id: '72f9d5072b6fe57b68833c18e414d089') in 0.127085 seconds 
========================================================================
Received Import Request.
  Time since last request: 0.000030 seconds.
  path: Assets/boat_001.fbx
  artifactKey: Guid(127f52b3fd169cf46bb18da9b749e0ee) Importer(815301076,1909f56bfc062723c751e8b465ee728b)
Start importing Assets/boat_001.fbx using Guid(127f52b3fd169cf46bb18da9b749e0ee) Importer(815301076,1909f56bfc062723c751e8b465ee728b)  -> (artifact id: 'cef5542892e810a7293c78b1cf1bd932') in 0.154220 seconds 
========================================================================
Received Import Request.
  Time since last request: 0.000031 seconds.
  path: Assets/boat_016.fbx
  artifactKey: Guid(d59ccb11166e0a545a2fa041710697f7) Importer(815301076,1909f56bfc062723c751e8b465ee728b)
Start importing Assets/boat_016.fbx using Guid(d59ccb11166e0a545a2fa041710697f7) Importer(815301076,1909f56bfc062723c751e8b465ee728b)  -> (artifact id: '21fbba83429af4aed6bb537dd86aa619') in 0.064814 seconds 
========================================================================
Received Import Request.
  Time since last request: 0.000042 seconds.
  path: Assets/boat.fbx
  artifactKey: Guid(776bf3263a36a8b4693c3e609aa589a7) Importer(815301076,1909f56bfc062723c751e8b465ee728b)
Start importing Assets/boat.fbx using Guid(776bf3263a36a8b4693c3e609aa589a7) Importer(815301076,1909f56bfc062723c751e8b465ee728b)  -> (artifact id: 'bd36a7955b5285ef72293d805c94768e') in 0.070450 seconds 
========================================================================
Received Import Request.
  Time since last request: 0.000026 seconds.
  path: Assets/boat_005.fbx
  artifactKey: Guid(9197ad20613867a4da21cee75fdd2290) Importer(815301076,1909f56bfc062723c751e8b465ee728b)
Start importing Assets/boat_005.fbx using Guid(9197ad20613867a4da21cee75fdd2290) Importer(815301076,1909f56bfc062723c751e8b465ee728b)  -> (artifact id: '1159c6253b4bb86cb110566538f79113') in 0.129336 seconds 
========================================================================
Received Import Request.
  Time since last request: 0.000029 seconds.
  path: Assets/boat_011.fbx
  artifactKey: Guid(817e7d5489c04bd4387e30691610eab5) Importer(815301076,1909f56bfc062723c751e8b465ee728b)
Start importing Assets/boat_011.fbx using Guid(817e7d5489c04bd4387e30691610eab5) Importer(815301076,1909f56bfc062723c751e8b465ee728b)  -> (artifact id: '61ca2659ff5edade480a67cc590274f4') in 0.150090 seconds 
========================================================================
Received Import Request.
  Time since last request: 0.000037 seconds.
  path: Assets/boat_024.fbx
  artifactKey: Guid(f7bd5cf418d775b439d87fd22b6226e4) Importer(815301076,1909f56bfc062723c751e8b465ee728b)
Start importing Assets/boat_024.fbx using Guid(f7bd5cf418d775b439d87fd22b6226e4) Importer(815301076,1909f56bfc062723c751e8b465ee728b)  -> (artifact id: '3515bf57487d86e513ee92b7e0949a74') in 0.125698 seconds 
========================================================================
Received Import Request.
  Time since last request: 0.000024 seconds.
  path: Assets/boat_012.fbx
  artifactKey: Guid(a3e24213765dc884998a1a156d3da594) Importer(815301076,1909f56bfc062723c751e8b465ee728b)
Start importing Assets/boat_012.fbx using Guid(a3e24213765dc884998a1a156d3da594) Importer(815301076,1909f56bfc062723c751e8b465ee728b)  -> (artifact id: 'fd879bc00d340fec5f8f7481b791376b') in 0.094013 seconds 
========================================================================
Received Import Request.
  Time since last request: 0.000030 seconds.
  path: Assets/boat_002.fbx
  artifactKey: Guid(53c380e3ca018494eb7ebaf7656f2c93) Importer(815301076,1909f56bfc062723c751e8b465ee728b)
Start importing Assets/boat_002.fbx using Guid(53c380e3ca018494eb7ebaf7656f2c93) Importer(815301076,1909f56bfc062723c751e8b465ee728b)  -> (artifact id: 'b36cf6fda54128faaa06d2609dcfe0af') in 0.276018 seconds 
========================================================================
Received Import Request.
  Time since last request: 0.000035 seconds.
  path: Assets/boat_007.fbx
  artifactKey: Guid(af281045a3d5a3f4e9f3dd8ed3ab0019) Importer(815301076,1909f56bfc062723c751e8b465ee728b)
Start importing Assets/boat_007.fbx using Guid(af281045a3d5a3f4e9f3dd8ed3ab0019) Importer(815301076,1909f56bfc062723c751e8b465ee728b)  -> (artifact id: 'dae57647f9fa6fab9cd76e02f03a7ea6') in 0.072378 seconds 
========================================================================
Received Import Request.
  Time since last request: 0.000026 seconds.
  path: Assets/boat_021.fbx
  artifactKey: Guid(75e6ba9e2516bd5449ec593c0589d5cc) Importer(815301076,1909f56bfc062723c751e8b465ee728b)
Start importing Assets/boat_021.fbx using Guid(75e6ba9e2516bd5449ec593c0589d5cc) Importer(815301076,1909f56bfc062723c751e8b465ee728b)  -> (artifact id: '8f62fbe9e187e855a4ad49b7b4ea3347') in 0.071747 seconds 
========================================================================
Received Import Request.
  Time since last request: 0.000030 seconds.
  path: Assets/boat_022.fbx
  artifactKey: Guid(31624b01a0c596d4faa06edd05f6762a) Importer(815301076,1909f56bfc062723c751e8b465ee728b)
Start importing Assets/boat_022.fbx using Guid(31624b01a0c596d4faa06edd05f6762a) Importer(815301076,1909f56bfc062723c751e8b465ee728b)  -> (artifact id: '093f98cf7abeb4a6c170074b8cf7a5a5') in 0.073755 seconds 
========================================================================
Received Import Request.
  Time since last request: 0.000030 seconds.
  path: Assets/boat_013.fbx
  artifactKey: Guid(4d52f71900f5d5c4f96cecba2c54df35) Importer(815301076,1909f56bfc062723c751e8b465ee728b)
Start importing Assets/boat_013.fbx using Guid(4d52f71900f5d5c4f96cecba2c54df35) Importer(815301076,1909f56bfc062723c751e8b465ee728b)  -> (artifact id: 'f6c1bc57d1434c40eb806f1962846713') in 0.177190 seconds 
========================================================================
Received Import Request.
  Time since last request: 0.000040 seconds.
  path: Assets/boat_019.fbx
  artifactKey: Guid(8c77de3748d777d4e80c791df29bdbcb) Importer(815301076,1909f56bfc062723c751e8b465ee728b)
Start importing Assets/boat_019.fbx using Guid(8c77de3748d777d4e80c791df29bdbcb) Importer(815301076,1909f56bfc062723c751e8b465ee728b)  -> (artifact id: '8737c03c0a51fb747e2c7a519c0a0330') in 0.163948 seconds 
========================================================================
Received Import Request.
  Time since last request: 0.000031 seconds.
  path: Assets/boat_008.fbx
  artifactKey: Guid(a1eedb58d1dd7e9489f4ee1a824786af) Importer(815301076,1909f56bfc062723c751e8b465ee728b)
Start importing Assets/boat_008.fbx using Guid(a1eedb58d1dd7e9489f4ee1a824786af) Importer(815301076,1909f56bfc062723c751e8b465ee728b)  -> (artifact id: '836f337bcbe652ebd444072f548b3936') in 0.127608 seconds 
========================================================================
Received Import Request.
  Time since last request: 0.000029 seconds.
  path: Assets/boat_010.fbx
  artifactKey: Guid(562021cd87e861749a47ff2edd534a55) Importer(815301076,1909f56bfc062723c751e8b465ee728b)
Start importing Assets/boat_010.fbx using Guid(562021cd87e861749a47ff2edd534a55) Importer(815301076,1909f56bfc062723c751e8b465ee728b)  -> (artifact id: '8b6769196f2ee60485a0dad93393bc33') in 0.119488 seconds 
========================================================================
Received Import Request.
  Time since last request: 0.000034 seconds.
  path: Assets/Group.fbx
  artifactKey: Guid(853c3d17d23e32341b7cd8b43ccb92a4) Importer(815301076,1909f56bfc062723c751e8b465ee728b)
Start importing Assets/Group.fbx using Guid(853c3d17d23e32341b7cd8b43ccb92a4) Importer(815301076,1909f56bfc062723c751e8b465ee728b)  -> (artifact id: '44d7e655880ce44b79e04880ecbf42d9') in 0.074893 seconds 
========================================================================
Received Import Request.
  Time since last request: 0.000026 seconds.
  path: Assets/boat_003.fbx
  artifactKey: Guid(cbdca78142d75244b8093e2bd9849180) Importer(815301076,1909f56bfc062723c751e8b465ee728b)
Start importing Assets/boat_003.fbx using Guid(cbdca78142d75244b8093e2bd9849180) Importer(815301076,1909f56bfc062723c751e8b465ee728b)  -> (artifact id: '429968b4c03c36ad7ba3be0f6c932f40') in 0.108142 seconds 
========================================================================
Received Import Request.
  Time since last request: 0.000034 seconds.
  path: Assets/boat_015.fbx
  artifactKey: Guid(420dfbd9b1b3b994fb3290eaf2ea020c) Importer(815301076,1909f56bfc062723c751e8b465ee728b)
Start importing Assets/boat_015.fbx using Guid(420dfbd9b1b3b994fb3290eaf2ea020c) Importer(815301076,1909f56bfc062723c751e8b465ee728b)  -> (artifact id: '94506a70d70266ebd688cdee482ce332') in 0.093818 seconds 
========================================================================
Received Import Request.
  Time since last request: 0.000037 seconds.
  path: Assets/boat_023.fbx
  artifactKey: Guid(4e38ad87f5cb8c54c85146dae5d16a07) Importer(815301076,1909f56bfc062723c751e8b465ee728b)
Start importing Assets/boat_023.fbx using Guid(4e38ad87f5cb8c54c85146dae5d16a07) Importer(815301076,1909f56bfc062723c751e8b465ee728b)  -> (artifact id: '7a85389f84e8a325d60f4afa17bbcb8c') in 0.127710 seconds 
========================================================================
Received Import Request.
  Time since last request: 0.000025 seconds.
  path: Assets/boat_025.fbx
  artifactKey: Guid(67a782e0078a3124198da347528a03a7) Importer(815301076,1909f56bfc062723c751e8b465ee728b)
Start importing Assets/boat_025.fbx using Guid(67a782e0078a3124198da347528a03a7) Importer(815301076,1909f56bfc062723c751e8b465ee728b)  -> (artifact id: '77da25c603994669aca4fd657f005f51') in 0.080789 seconds 
========================================================================
Received Import Request.
  Time since last request: 0.000031 seconds.
  path: Assets/boat_020.fbx
  artifactKey: Guid(80793ff4d2ca2a641b2fb34da12332d4) Importer(815301076,1909f56bfc062723c751e8b465ee728b)
Start importing Assets/boat_020.fbx using Guid(80793ff4d2ca2a641b2fb34da12332d4) Importer(815301076,1909f56bfc062723c751e8b465ee728b)  -> (artifact id: '6779583608fea6e627610d56dc55ab98') in 0.125858 seconds 
========================================================================
Received Import Request.
  Time since last request: 0.000038 seconds.
  path: Assets/boat_026.fbx
  artifactKey: Guid(5fdf84fe3ae946049ac60375f4c151f3) Importer(815301076,1909f56bfc062723c751e8b465ee728b)
Start importing Assets/boat_026.fbx using Guid(5fdf84fe3ae946049ac60375f4c151f3) Importer(815301076,1909f56bfc062723c751e8b465ee728b)  -> (artifact id: 'a77b8743b032894c0b07ca282137c3f8') in 0.062071 seconds 
